build/outputs/logs/manifest-merger-debug-report.txt
-- Merging decision tree log ---
manifest
ADDED from AndroidManifest.xml:2:1
	package
		ADDED from AndroidManifest.xml:2:70
		INJECTED from AndroidManifest.xml:0:0
		INJECTED from AndroidManifest.xml:0:0
	android:versionName
		ADDED from AndroidManifest.xml:3:5
	android:versionCode
		ADDED from AndroidManifest.xml:2:98
		INJECTED from AndroidManifest.xml:0:0
		INJECTED from AndroidManifest.xml:0:0
	xmlns:android
		ADDED from AndroidManifest.xml:2:11
application
ADDED from AndroidManifest.xml:4:5
	android:icon
		ADDED from AndroidManifest.xml:4:18
activity#come.up.BuhBuhBen.NoteList
ADDED from AndroidManifest.xml:5:9
	android:label
		ADDED from AndroidManifest.xml:5:61
	android:name
		ADDED from AndroidManifest.xml:5:19
intent-filter#android.intent.action.MAIN+android.intent.category.LAUNCHER
ADDED from AndroidManifest.xml:6:13
action#android.intent.action.MAIN
ADDED from AndroidManifest.xml:7:17
	android:name
		ADDED from AndroidManifest.xml:7:25
category#android.intent.category.LAUNCHER
ADDED from AndroidManifest.xml:8:17
	android:name
		ADDED from AndroidManifest.xml:8:27
activity#come.up.BuhBuhBen.CutUp
ADDED from AndroidManifest.xml:11:9
	android:name
		ADDED from AndroidManifest.xml:11:19